Namespace(no_progress_bar=False, log_interval=100, log_format=None, log_file=None, aim_repo=None, aim_run_hash=None, tensorboard_logdir=None, wandb_project=None, azureml_logging=False, seed=1, cpu=False, tpu=False, bf16=False, memory_efficient_bf16=False, fp16=False, memory_efficient_fp16=False, fp16_no_flatten_grads=False, fp16_init_scale=128, fp16_scale_window=None, fp16_scale_tolerance=0.0, on_cpu_convert_precision=False, min_loss_scale=0.0001, threshold_loss_scale=None, amp=False, amp_batch_retries=2, amp_init_scale=128, amp_scale_window=None, user_dir=None, empty_cache_freq=0, all_gather_list_size=16384, model_parallel_size=1, quantization_config_path=None, profile=False, reset_logging=False, suppress_crashes=False, use_plasma_view=False, plasma_path='/tmp/plasma', criterion='cross_entropy', tokenizer=None, bpe=None, optimizer=None, lr_scheduler='fixed', scoring='bleu', task='translation', source_lang='hi', target_lang='ne', trainpref='/home/krish/content/Hindi_Nepali/wmt22_spm/train.spm', validpref='/home/krish/content/Hindi_Nepali/wmt22_spm/dev.spm', testpref='/home/krish/content/Hindi_Nepali/wmt22_spm/test.spm', align_suffix=None, destdir='/home/krish/content/Hindi_Nepali/wmt22_spm/wmt22_bin', thresholdtgt=0, thresholdsrc=0, tgtdict='/home/krish/content/Hindi_Nepali/wmt22_spm/model_dict.128k.txt', srcdict='/home/krish/content/Hindi_Nepali/wmt22_spm/model_dict.128k.txt', nwordstgt=-1, nwordssrc=-1, alignfile=None, dataset_impl='mmap', joined_dictionary=False, only_source=False, padding_factor=8, workers=1, dict_only=False)
[hi] Dictionary: 128112 types
[hi] /home/krish/content/Hindi_Nepali/wmt22_spm/train.spm.hi: 4163 sents, 60576 tokens, 0.0165% replaced (by <unk>)
[hi] Dictionary: 128112 types
[hi] /home/krish/content/Hindi_Nepali/wmt22_spm/dev.spm.hi: 521 sents, 7647 tokens, 0.0% replaced (by <unk>)
[hi] Dictionary: 128112 types
[hi] /home/krish/content/Hindi_Nepali/wmt22_spm/test.spm.hi: 520 sents, 7623 tokens, 0.0% replaced (by <unk>)
[ne] Dictionary: 128112 types
[ne] /home/krish/content/Hindi_Nepali/wmt22_spm/train.spm.ne: 4163 sents, 88299 tokens, 0.0068% replaced (by <unk>)
[ne] Dictionary: 128112 types
[ne] /home/krish/content/Hindi_Nepali/wmt22_spm/dev.spm.ne: 521 sents, 11138 tokens, 0.00898% replaced (by <unk>)
[ne] Dictionary: 128112 types
[ne] /home/krish/content/Hindi_Nepali/wmt22_spm/test.spm.ne: 520 sents, 11172 tokens, 0.0% replaced (by <unk>)
Wrote preprocessed data to /home/krish/content/Hindi_Nepali/wmt22_spm/wmt22_bin
Namespace(no_progress_bar=False, log_interval=100, log_format=None, log_file=None, aim_repo=None, aim_run_hash=None, tensorboard_logdir=None, wandb_project=None, azureml_logging=False, seed=1, cpu=False, tpu=False, bf16=False, memory_efficient_bf16=False, fp16=False, memory_efficient_fp16=False, fp16_no_flatten_grads=False, fp16_init_scale=128, fp16_scale_window=None, fp16_scale_tolerance=0.0, on_cpu_convert_precision=False, min_loss_scale=0.0001, threshold_loss_scale=None, amp=False, amp_batch_retries=2, amp_init_scale=128, amp_scale_window=None, user_dir=None, empty_cache_freq=0, all_gather_list_size=16384, model_parallel_size=1, quantization_config_path=None, profile=False, reset_logging=False, suppress_crashes=False, use_plasma_view=False, plasma_path='/tmp/plasma', criterion='cross_entropy', tokenizer=None, bpe=None, optimizer=None, lr_scheduler='fixed', scoring='bleu', task='translation', source_lang='hi', target_lang='ne', trainpref='/home/krish/content/Hindi_Nepali/wmt22_spm/train.spm', validpref='/home/krish/content/Hindi_Nepali/wmt22_spm/dev.spm', testpref='/home/krish/content/Hindi_Nepali/wmt22_spm/test.spm', align_suffix=None, destdir='/home/krish/content/Hindi_Nepali/wmt22_spm/wmt22_bin', thresholdtgt=0, thresholdsrc=0, tgtdict='/home/krish/content/Hindi_Nepali/wmt22_spm/model_dict.128k.txt', srcdict='/home/krish/content/Hindi_Nepali/wmt22_spm/model_dict.128k.txt', nwordstgt=-1, nwordssrc=-1, alignfile=None, dataset_impl='mmap', joined_dictionary=False, only_source=False, padding_factor=8, workers=1, dict_only=False)
[hi] Dictionary: 128112 types
[hi] /home/krish/content/Hindi_Nepali/wmt22_spm/train.spm.hi: 4163 sents, 60576 tokens, 0.0165% replaced (by <unk>)
[hi] Dictionary: 128112 types
[hi] /home/krish/content/Hindi_Nepali/wmt22_spm/dev.spm.hi: 521 sents, 7647 tokens, 0.0% replaced (by <unk>)
[hi] Dictionary: 128112 types
[hi] /home/krish/content/Hindi_Nepali/wmt22_spm/test.spm.hi: 520 sents, 7623 tokens, 0.0% replaced (by <unk>)
[ne] Dictionary: 128112 types
[ne] /home/krish/content/Hindi_Nepali/wmt22_spm/train.spm.ne: 4163 sents, 88299 tokens, 0.0068% replaced (by <unk>)
[ne] Dictionary: 128112 types
[ne] /home/krish/content/Hindi_Nepali/wmt22_spm/dev.spm.ne: 521 sents, 11138 tokens, 0.00898% replaced (by <unk>)
[ne] Dictionary: 128112 types
[ne] /home/krish/content/Hindi_Nepali/wmt22_spm/test.spm.ne: 520 sents, 11172 tokens, 0.0% replaced (by <unk>)
Wrote preprocessed data to /home/krish/content/Hindi_Nepali/wmt22_spm/wmt22_bin
Namespace(no_progress_bar=False, log_interval=100, log_format=None, log_file=None, aim_repo=None, aim_run_hash=None, tensorboard_logdir=None, wandb_project=None, azureml_logging=False, seed=1, cpu=False, tpu=False, bf16=False, memory_efficient_bf16=False, fp16=False, memory_efficient_fp16=False, fp16_no_flatten_grads=False, fp16_init_scale=128, fp16_scale_window=None, fp16_scale_tolerance=0.0, on_cpu_convert_precision=False, min_loss_scale=0.0001, threshold_loss_scale=None, amp=False, amp_batch_retries=2, amp_init_scale=128, amp_scale_window=None, user_dir=None, empty_cache_freq=0, all_gather_list_size=16384, model_parallel_size=1, quantization_config_path=None, profile=False, reset_logging=False, suppress_crashes=False, use_plasma_view=False, plasma_path='/tmp/plasma', criterion='cross_entropy', tokenizer=None, bpe=None, optimizer=None, lr_scheduler='fixed', scoring='bleu', task='translation', source_lang='ne', target_lang='hi', trainpref='/home/krish/content/Hindi_Nepali/wmt22_spm/train.spm', validpref='/home/krish/content/Hindi_Nepali/wmt22_spm/dev.spm', testpref='/home/krish/content/Hindi_Nepali/wmt22_spm/test.spm', align_suffix=None, destdir='/home/krish/content/Hindi_Nepali/wmt22_spm/wmt22_bin', thresholdtgt=0, thresholdsrc=0, tgtdict='/home/krish/content/Hindi_Nepali/wmt22_spm/model_dict.128k.txt', srcdict='/home/krish/content/Hindi_Nepali/wmt22_spm/model_dict.128k.txt', nwordstgt=-1, nwordssrc=-1, alignfile=None, dataset_impl='mmap', joined_dictionary=False, only_source=False, padding_factor=8, workers=1, dict_only=False)
[ne] Dictionary: 128112 types
[ne] /home/krish/content/Hindi_Nepali/wmt22_spm/train.spm.ne: 4163 sents, 88299 tokens, 0.0068% replaced (by <unk>)
[ne] Dictionary: 128112 types
[ne] /home/krish/content/Hindi_Nepali/wmt22_spm/dev.spm.ne: 521 sents, 11138 tokens, 0.00898% replaced (by <unk>)
[ne] Dictionary: 128112 types
[ne] /home/krish/content/Hindi_Nepali/wmt22_spm/test.spm.ne: 520 sents, 11172 tokens, 0.0% replaced (by <unk>)
[hi] Dictionary: 128112 types
[hi] /home/krish/content/Hindi_Nepali/wmt22_spm/train.spm.hi: 4163 sents, 60576 tokens, 0.0165% replaced (by <unk>)
[hi] Dictionary: 128112 types
[hi] /home/krish/content/Hindi_Nepali/wmt22_spm/dev.spm.hi: 521 sents, 7647 tokens, 0.0% replaced (by <unk>)
[hi] Dictionary: 128112 types
[hi] /home/krish/content/Hindi_Nepali/wmt22_spm/test.spm.hi: 520 sents, 7623 tokens, 0.0% replaced (by <unk>)
Wrote preprocessed data to /home/krish/content/Hindi_Nepali/wmt22_spm/wmt22_bin
