Namespace(no_progress_bar=False, log_interval=100, log_format=None, log_file=None, aim_repo=None, aim_run_hash=None, tensorboard_logdir=None, wandb_project=None, azureml_logging=False, seed=1, cpu=False, tpu=False, bf16=False, memory_efficient_bf16=False, fp16=False, memory_efficient_fp16=False, fp16_no_flatten_grads=False, fp16_init_scale=128, fp16_scale_window=None, fp16_scale_tolerance=0.0, on_cpu_convert_precision=False, min_loss_scale=0.0001, threshold_loss_scale=None, amp=False, amp_batch_retries=2, amp_init_scale=128, amp_scale_window=None, user_dir=None, empty_cache_freq=0, all_gather_list_size=16384, model_parallel_size=1, quantization_config_path=None, profile=False, reset_logging=False, suppress_crashes=False, use_plasma_view=False, plasma_path='/tmp/plasma', criterion='cross_entropy', tokenizer=None, bpe=None, optimizer=None, lr_scheduler='fixed', scoring='bleu', task='translation', source_lang='hi', target_lang='mr', trainpref='/home/krish/content/Mann_Ki_Baat/wmt22_spm/train.spm', validpref='/home/krish/content/Mann_Ki_Baat/wmt22_spm/dev.spm', testpref='/home/krish/content/Mann_Ki_Baat/wmt22_spm/test.spm', align_suffix=None, destdir='/home/krish/content/Mann_Ki_Baat/wmt22_spm/wmt22_bin', thresholdtgt=0, thresholdsrc=0, tgtdict='/home/krish/content/Mann_Ki_Baat/wmt22_spm/model_dict.128k.txt', srcdict='/home/krish/content/Mann_Ki_Baat/wmt22_spm/model_dict.128k.txt', nwordstgt=-1, nwordssrc=-1, alignfile=None, dataset_impl='mmap', joined_dictionary=False, only_source=False, padding_factor=8, workers=1, dict_only=False)
[hi] Dictionary: 128112 types
[hi] /home/krish/content/Mann_Ki_Baat/wmt22_spm/train.spm.hi: 38460 sents, 704606 tokens, 0.00738% replaced (by <unk>)
[hi] Dictionary: 128112 types
[hi] /home/krish/content/Mann_Ki_Baat/wmt22_spm/dev.spm.hi: 2182 sents, 42288 tokens, 0.0118% replaced (by <unk>)
[hi] Dictionary: 128112 types
[hi] /home/krish/content/Mann_Ki_Baat/wmt22_spm/test.spm.hi: 134 sents, 4234 tokens, 0.0% replaced (by <unk>)
[mr] Dictionary: 128112 types
[mr] /home/krish/content/Mann_Ki_Baat/wmt22_spm/train.spm.mr: 38460 sents, 1061558 tokens, 0.00565% replaced (by <unk>)
[mr] Dictionary: 128112 types
[mr] /home/krish/content/Mann_Ki_Baat/wmt22_spm/dev.spm.mr: 2182 sents, 64364 tokens, 0.00932% replaced (by <unk>)
[mr] Dictionary: 128112 types
[mr] /home/krish/content/Mann_Ki_Baat/wmt22_spm/test.spm.mr: 134 sents, 6571 tokens, 0.0% replaced (by <unk>)
Wrote preprocessed data to /home/krish/content/Mann_Ki_Baat/wmt22_spm/wmt22_bin
Namespace(no_progress_bar=False, log_interval=100, log_format=None, log_file=None, aim_repo=None, aim_run_hash=None, tensorboard_logdir=None, wandb_project=None, azureml_logging=False, seed=1, cpu=False, tpu=False, bf16=False, memory_efficient_bf16=False, fp16=False, memory_efficient_fp16=False, fp16_no_flatten_grads=False, fp16_init_scale=128, fp16_scale_window=None, fp16_scale_tolerance=0.0, on_cpu_convert_precision=False, min_loss_scale=0.0001, threshold_loss_scale=None, amp=False, amp_batch_retries=2, amp_init_scale=128, amp_scale_window=None, user_dir=None, empty_cache_freq=0, all_gather_list_size=16384, model_parallel_size=1, quantization_config_path=None, profile=False, reset_logging=False, suppress_crashes=False, use_plasma_view=False, plasma_path='/tmp/plasma', criterion='cross_entropy', tokenizer=None, bpe=None, optimizer=None, lr_scheduler='fixed', scoring='bleu', task='translation', source_lang='hi', target_lang='mr', trainpref='/home/krish/content/Mann_Ki_Baat/wmt22_spm/train.spm', validpref='/home/krish/content/Mann_Ki_Baat/wmt22_spm/dev.spm', testpref='/home/krish/content/Mann_Ki_Baat/wmt22_spm/test.spm', align_suffix=None, destdir='/home/krish/content/Mann_Ki_Baat/wmt22_spm/wmt22_bin', thresholdtgt=0, thresholdsrc=0, tgtdict='/home/krish/content/Mann_Ki_Baat/wmt22_spm/model_dict.128k.txt', srcdict='/home/krish/content/Mann_Ki_Baat/wmt22_spm/model_dict.128k.txt', nwordstgt=-1, nwordssrc=-1, alignfile=None, dataset_impl='mmap', joined_dictionary=False, only_source=False, padding_factor=8, workers=1, dict_only=False)
[hi] Dictionary: 128112 types
[hi] /home/krish/content/Mann_Ki_Baat/wmt22_spm/train.spm.hi: 38460 sents, 704606 tokens, 0.00738% replaced (by <unk>)
[hi] Dictionary: 128112 types
[hi] /home/krish/content/Mann_Ki_Baat/wmt22_spm/dev.spm.hi: 2182 sents, 42288 tokens, 0.0118% replaced (by <unk>)
[hi] Dictionary: 128112 types
[hi] /home/krish/content/Mann_Ki_Baat/wmt22_spm/test.spm.hi: 134 sents, 4234 tokens, 0.0% replaced (by <unk>)
[mr] Dictionary: 128112 types
[mr] /home/krish/content/Mann_Ki_Baat/wmt22_spm/train.spm.mr: 38460 sents, 1061558 tokens, 0.00565% replaced (by <unk>)
[mr] Dictionary: 128112 types
[mr] /home/krish/content/Mann_Ki_Baat/wmt22_spm/dev.spm.mr: 2182 sents, 64364 tokens, 0.00932% replaced (by <unk>)
[mr] Dictionary: 128112 types
[mr] /home/krish/content/Mann_Ki_Baat/wmt22_spm/test.spm.mr: 134 sents, 6571 tokens, 0.0% replaced (by <unk>)
Wrote preprocessed data to /home/krish/content/Mann_Ki_Baat/wmt22_spm/wmt22_bin
Namespace(no_progress_bar=False, log_interval=100, log_format=None, log_file=None, aim_repo=None, aim_run_hash=None, tensorboard_logdir=None, wandb_project=None, azureml_logging=False, seed=1, cpu=False, tpu=False, bf16=False, memory_efficient_bf16=False, fp16=False, memory_efficient_fp16=False, fp16_no_flatten_grads=False, fp16_init_scale=128, fp16_scale_window=None, fp16_scale_tolerance=0.0, on_cpu_convert_precision=False, min_loss_scale=0.0001, threshold_loss_scale=None, amp=False, amp_batch_retries=2, amp_init_scale=128, amp_scale_window=None, user_dir=None, empty_cache_freq=0, all_gather_list_size=16384, model_parallel_size=1, quantization_config_path=None, profile=False, reset_logging=False, suppress_crashes=False, use_plasma_view=False, plasma_path='/tmp/plasma', criterion='cross_entropy', tokenizer=None, bpe=None, optimizer=None, lr_scheduler='fixed', scoring='bleu', task='translation', source_lang='hi', target_lang='mr', trainpref='/home/krish/content/Mann_Ki_Baat/wmt22_spm/train.spm', validpref='/home/krish/content/Mann_Ki_Baat/wmt22_spm/dev.spm', testpref='/home/krish/content/Mann_Ki_Baat/wmt22_spm/test.spm', align_suffix=None, destdir='/home/krish/content/Mann_Ki_Baat/wmt22_spm/wmt22_bin', thresholdtgt=0, thresholdsrc=0, tgtdict='/home/krish/content/Mann_Ki_Baat/wmt22_spm/model_dict.128k.txt', srcdict='/home/krish/content/Mann_Ki_Baat/wmt22_spm/model_dict.128k.txt', nwordstgt=-1, nwordssrc=-1, alignfile=None, dataset_impl='mmap', joined_dictionary=False, only_source=False, padding_factor=8, workers=1, dict_only=False)
[hi] Dictionary: 128112 types
[hi] /home/krish/content/Mann_Ki_Baat/wmt22_spm/train.spm.hi: 38460 sents, 704606 tokens, 0.00738% replaced (by <unk>)
[hi] Dictionary: 128112 types
[hi] /home/krish/content/Mann_Ki_Baat/wmt22_spm/dev.spm.hi: 2182 sents, 42288 tokens, 0.0118% replaced (by <unk>)
[hi] Dictionary: 128112 types
[hi] /home/krish/content/Mann_Ki_Baat/wmt22_spm/test.spm.hi: 537 sents, 13587 tokens, 0.0221% replaced (by <unk>)
[mr] Dictionary: 128112 types
[mr] /home/krish/content/Mann_Ki_Baat/wmt22_spm/train.spm.mr: 38460 sents, 1061558 tokens, 0.00565% replaced (by <unk>)
[mr] Dictionary: 128112 types
[mr] /home/krish/content/Mann_Ki_Baat/wmt22_spm/dev.spm.mr: 2182 sents, 64364 tokens, 0.00932% replaced (by <unk>)
[mr] Dictionary: 128112 types
[mr] /home/krish/content/Mann_Ki_Baat/wmt22_spm/test.spm.mr: 537 sents, 19920 tokens, 0.01% replaced (by <unk>)
Wrote preprocessed data to /home/krish/content/Mann_Ki_Baat/wmt22_spm/wmt22_bin
Namespace(no_progress_bar=False, log_interval=100, log_format=None, log_file=None, aim_repo=None, aim_run_hash=None, tensorboard_logdir=None, wandb_project=None, azureml_logging=False, seed=1, cpu=False, tpu=False, bf16=False, memory_efficient_bf16=False, fp16=False, memory_efficient_fp16=False, fp16_no_flatten_grads=False, fp16_init_scale=128, fp16_scale_window=None, fp16_scale_tolerance=0.0, on_cpu_convert_precision=False, min_loss_scale=0.0001, threshold_loss_scale=None, amp=False, amp_batch_retries=2, amp_init_scale=128, amp_scale_window=None, user_dir=None, empty_cache_freq=0, all_gather_list_size=16384, model_parallel_size=1, quantization_config_path=None, profile=False, reset_logging=False, suppress_crashes=False, use_plasma_view=False, plasma_path='/tmp/plasma', criterion='cross_entropy', tokenizer=None, bpe=None, optimizer=None, lr_scheduler='fixed', scoring='bleu', task='translation', source_lang='hi', target_lang='mr', trainpref='/home/krish/content/Mann_Ki_Baat/wmt22_spm/train.spm', validpref='/home/krish/content/Mann_Ki_Baat/wmt22_spm/dev.spm', testpref='/home/krish/content/Mann_Ki_Baat/wmt22_spm/test.spm', align_suffix=None, destdir='/home/krish/content/Mann_Ki_Baat/wmt22_spm/wmt22_bin', thresholdtgt=0, thresholdsrc=0, tgtdict='/home/krish/content/Mann_Ki_Baat/wmt22_spm/model_dict.128k.txt', srcdict='/home/krish/content/Mann_Ki_Baat/wmt22_spm/model_dict.128k.txt', nwordstgt=-1, nwordssrc=-1, alignfile=None, dataset_impl='mmap', joined_dictionary=False, only_source=False, padding_factor=8, workers=1, dict_only=False)
[hi] Dictionary: 128112 types
[hi] /home/krish/content/Mann_Ki_Baat/wmt22_spm/train.spm.hi: 38460 sents, 704606 tokens, 0.00738% replaced (by <unk>)
[hi] Dictionary: 128112 types
[hi] /home/krish/content/Mann_Ki_Baat/wmt22_spm/dev.spm.hi: 2182 sents, 42288 tokens, 0.0118% replaced (by <unk>)
[hi] Dictionary: 128112 types
[hi] /home/krish/content/Mann_Ki_Baat/wmt22_spm/test.spm.hi: 179 sents, 4720 tokens, 0.0212% replaced (by <unk>)
[mr] Dictionary: 128112 types
[mr] /home/krish/content/Mann_Ki_Baat/wmt22_spm/train.spm.mr: 38460 sents, 1061558 tokens, 0.00565% replaced (by <unk>)
[mr] Dictionary: 128112 types
[mr] /home/krish/content/Mann_Ki_Baat/wmt22_spm/dev.spm.mr: 2182 sents, 64364 tokens, 0.00932% replaced (by <unk>)
[mr] Dictionary: 128112 types
[mr] /home/krish/content/Mann_Ki_Baat/wmt22_spm/test.spm.mr: 190 sents, 7435 tokens, 0.0% replaced (by <unk>)
Wrote preprocessed data to /home/krish/content/Mann_Ki_Baat/wmt22_spm/wmt22_bin
Namespace(no_progress_bar=False, log_interval=100, log_format=None, log_file=None, aim_repo=None, aim_run_hash=None, tensorboard_logdir=None, wandb_project=None, azureml_logging=False, seed=1, cpu=False, tpu=False, bf16=False, memory_efficient_bf16=False, fp16=False, memory_efficient_fp16=False, fp16_no_flatten_grads=False, fp16_init_scale=128, fp16_scale_window=None, fp16_scale_tolerance=0.0, on_cpu_convert_precision=False, min_loss_scale=0.0001, threshold_loss_scale=None, amp=False, amp_batch_retries=2, amp_init_scale=128, amp_scale_window=None, user_dir=None, empty_cache_freq=0, all_gather_list_size=16384, model_parallel_size=1, quantization_config_path=None, profile=False, reset_logging=False, suppress_crashes=False, use_plasma_view=False, plasma_path='/tmp/plasma', criterion='cross_entropy', tokenizer=None, bpe=None, optimizer=None, lr_scheduler='fixed', scoring='bleu', task='translation', source_lang='hi', target_lang='mr', trainpref='/home/krish/content/Mann_Ki_Baat/wmt22_spm/train.spm', validpref='/home/krish/content/Mann_Ki_Baat/wmt22_spm/dev.spm', testpref='/home/krish/content/Mann_Ki_Baat/wmt22_spm/test.spm', align_suffix=None, destdir='/home/krish/content/Mann_Ki_Baat/wmt22_spm/wmt22_bin', thresholdtgt=0, thresholdsrc=0, tgtdict='/home/krish/content/Mann_Ki_Baat/wmt22_spm/model_dict.128k.txt', srcdict='/home/krish/content/Mann_Ki_Baat/wmt22_spm/model_dict.128k.txt', nwordstgt=-1, nwordssrc=-1, alignfile=None, dataset_impl='mmap', joined_dictionary=False, only_source=False, padding_factor=8, workers=1, dict_only=False)
[hi] Dictionary: 128112 types
[hi] /home/krish/content/Mann_Ki_Baat/wmt22_spm/train.spm.hi: 38460 sents, 704606 tokens, 0.00738% replaced (by <unk>)
[hi] Dictionary: 128112 types
[hi] /home/krish/content/Mann_Ki_Baat/wmt22_spm/dev.spm.hi: 2182 sents, 42288 tokens, 0.0118% replaced (by <unk>)
[hi] Dictionary: 128112 types
[hi] /home/krish/content/Mann_Ki_Baat/wmt22_spm/test.spm.hi: 179 sents, 4703 tokens, 0.0213% replaced (by <unk>)
[mr] Dictionary: 128112 types
[mr] /home/krish/content/Mann_Ki_Baat/wmt22_spm/train.spm.mr: 38460 sents, 1061558 tokens, 0.00565% replaced (by <unk>)
[mr] Dictionary: 128112 types
[mr] /home/krish/content/Mann_Ki_Baat/wmt22_spm/dev.spm.mr: 2182 sents, 64364 tokens, 0.00932% replaced (by <unk>)
[mr] Dictionary: 128112 types
[mr] /home/krish/content/Mann_Ki_Baat/wmt22_spm/test.spm.mr: 179 sents, 7406 tokens, 0.0% replaced (by <unk>)
Wrote preprocessed data to /home/krish/content/Mann_Ki_Baat/wmt22_spm/wmt22_bin
Namespace(no_progress_bar=False, log_interval=100, log_format=None, log_file=None, aim_repo=None, aim_run_hash=None, tensorboard_logdir=None, wandb_project=None, azureml_logging=False, seed=1, cpu=False, tpu=False, bf16=False, memory_efficient_bf16=False, fp16=False, memory_efficient_fp16=False, fp16_no_flatten_grads=False, fp16_init_scale=128, fp16_scale_window=None, fp16_scale_tolerance=0.0, on_cpu_convert_precision=False, min_loss_scale=0.0001, threshold_loss_scale=None, amp=False, amp_batch_retries=2, amp_init_scale=128, amp_scale_window=None, user_dir=None, empty_cache_freq=0, all_gather_list_size=16384, model_parallel_size=1, quantization_config_path=None, profile=False, reset_logging=False, suppress_crashes=False, use_plasma_view=False, plasma_path='/tmp/plasma', criterion='cross_entropy', tokenizer=None, bpe=None, optimizer=None, lr_scheduler='fixed', scoring='bleu', task='translation', source_lang='hi', target_lang='mr', trainpref='/home/krish/content/Mann_Ki_Baat/wmt22_spm/train.spm', validpref='/home/krish/content/Mann_Ki_Baat/wmt22_spm/dev.spm', testpref='/home/krish/content/Mann_Ki_Baat/wmt22_spm/test.spm', align_suffix=None, destdir='/home/krish/content/Mann_Ki_Baat/wmt22_spm/wmt22_bin', thresholdtgt=0, thresholdsrc=0, tgtdict='/home/krish/content/Mann_Ki_Baat/wmt22_spm/model_dict.128k.txt', srcdict='/home/krish/content/Mann_Ki_Baat/wmt22_spm/model_dict.128k.txt', nwordstgt=-1, nwordssrc=-1, alignfile=None, dataset_impl='mmap', joined_dictionary=False, only_source=False, padding_factor=8, workers=1, dict_only=False)
[hi] Dictionary: 128112 types
[hi] /home/krish/content/Mann_Ki_Baat/wmt22_spm/train.spm.hi: 39268 sents, 861477 tokens, 0.00824% replaced (by <unk>)
[hi] Dictionary: 128112 types
[hi] /home/krish/content/Mann_Ki_Baat/wmt22_spm/dev.spm.hi: 4505 sents, 88512 tokens, 0.0158% replaced (by <unk>)
[hi] Dictionary: 128112 types
[hi] /home/krish/content/Mann_Ki_Baat/wmt22_spm/test.spm.hi: 2319 sents, 48385 tokens, 0.0% replaced (by <unk>)
[mr] Dictionary: 128112 types
[mr] /home/krish/content/Mann_Ki_Baat/wmt22_spm/train.spm.mr: 39268 sents, 1301591 tokens, 0.00622% replaced (by <unk>)
[mr] Dictionary: 128112 types
[mr] /home/krish/content/Mann_Ki_Baat/wmt22_spm/dev.spm.mr: 4505 sents, 133499 tokens, 0.00824% replaced (by <unk>)
[mr] Dictionary: 128112 types
[mr] /home/krish/content/Mann_Ki_Baat/wmt22_spm/test.spm.mr: 2319 sents, 75563 tokens, 0.00529% replaced (by <unk>)
Wrote preprocessed data to /home/krish/content/Mann_Ki_Baat/wmt22_spm/wmt22_bin
Namespace(no_progress_bar=False, log_interval=100, log_format=None, log_file=None, aim_repo=None, aim_run_hash=None, tensorboard_logdir=None, wandb_project=None, azureml_logging=False, seed=1, cpu=False, tpu=False, bf16=False, memory_efficient_bf16=False, fp16=False, memory_efficient_fp16=False, fp16_no_flatten_grads=False, fp16_init_scale=128, fp16_scale_window=None, fp16_scale_tolerance=0.0, on_cpu_convert_precision=False, min_loss_scale=0.0001, threshold_loss_scale=None, amp=False, amp_batch_retries=2, amp_init_scale=128, amp_scale_window=None, user_dir=None, empty_cache_freq=0, all_gather_list_size=16384, model_parallel_size=1, quantization_config_path=None, profile=False, reset_logging=False, suppress_crashes=False, use_plasma_view=False, plasma_path='/tmp/plasma', criterion='cross_entropy', tokenizer=None, bpe=None, optimizer=None, lr_scheduler='fixed', scoring='bleu', task='translation', source_lang='hi', target_lang='mr', trainpref='/home/krish/content/Mann_Ki_Baat/wmt22_spm/train.spm', validpref='/home/krish/content/Mann_Ki_Baat/wmt22_spm/dev.spm', testpref='/home/krish/content/Mann_Ki_Baat/wmt22_spm/test.spm', align_suffix=None, destdir='/home/krish/content/Mann_Ki_Baat/wmt22_spm/wmt22_bin', thresholdtgt=0, thresholdsrc=0, tgtdict='/home/krish/content/Mann_Ki_Baat/wmt22_spm/model_dict.128k.txt', srcdict='/home/krish/content/Mann_Ki_Baat/wmt22_spm/model_dict.128k.txt', nwordstgt=-1, nwordssrc=-1, alignfile=None, dataset_impl='mmap', joined_dictionary=False, only_source=False, padding_factor=8, workers=1, dict_only=False)
[hi] Dictionary: 128112 types
[hi] /home/krish/content/Mann_Ki_Baat/wmt22_spm/train.spm.hi: 39268 sents, 861477 tokens, 0.00824% replaced (by <unk>)
[hi] Dictionary: 128112 types
[hi] /home/krish/content/Mann_Ki_Baat/wmt22_spm/dev.spm.hi: 4505 sents, 88512 tokens, 0.0158% replaced (by <unk>)
[hi] Dictionary: 128112 types
[hi] /home/krish/content/Mann_Ki_Baat/wmt22_spm/test.spm.hi: 1281 sents, 14300 tokens, 0.0% replaced (by <unk>)
[mr] Dictionary: 128112 types
[mr] /home/krish/content/Mann_Ki_Baat/wmt22_spm/train.spm.mr: 39268 sents, 1301591 tokens, 0.00622% replaced (by <unk>)
[mr] Dictionary: 128112 types
[mr] /home/krish/content/Mann_Ki_Baat/wmt22_spm/dev.spm.mr: 4505 sents, 133499 tokens, 0.00824% replaced (by <unk>)
[mr] Dictionary: 128112 types
[mr] /home/krish/content/Mann_Ki_Baat/wmt22_spm/test.spm.mr: 1281 sents, 2562 tokens, 0.0% replaced (by <unk>)
Wrote preprocessed data to /home/krish/content/Mann_Ki_Baat/wmt22_spm/wmt22_bin
Namespace(no_progress_bar=False, log_interval=100, log_format=None, log_file=None, aim_repo=None, aim_run_hash=None, tensorboard_logdir=None, wandb_project=None, azureml_logging=False, seed=1, cpu=False, tpu=False, bf16=False, memory_efficient_bf16=False, fp16=False, memory_efficient_fp16=False, fp16_no_flatten_grads=False, fp16_init_scale=128, fp16_scale_window=None, fp16_scale_tolerance=0.0, on_cpu_convert_precision=False, min_loss_scale=0.0001, threshold_loss_scale=None, amp=False, amp_batch_retries=2, amp_init_scale=128, amp_scale_window=None, user_dir=None, empty_cache_freq=0, all_gather_list_size=16384, model_parallel_size=1, quantization_config_path=None, profile=False, reset_logging=False, suppress_crashes=False, use_plasma_view=False, plasma_path='/tmp/plasma', criterion='cross_entropy', tokenizer=None, bpe=None, optimizer=None, lr_scheduler='fixed', scoring='bleu', task='translation', source_lang='hi', target_lang='mr', trainpref='/home/krish/content/Mann_Ki_Baat/wmt22_spm/train.spm', validpref='/home/krish/content/Mann_Ki_Baat/wmt22_spm/dev.spm', testpref='/home/krish/content/Mann_Ki_Baat/wmt22_spm/test.spm', align_suffix=None, destdir='/home/krish/content/Mann_Ki_Baat/wmt22_spm/wmt22_bin', thresholdtgt=0, thresholdsrc=0, tgtdict='/home/krish/content/Mann_Ki_Baat/wmt22_spm/model_dict.128k.txt', srcdict='/home/krish/content/Mann_Ki_Baat/wmt22_spm/model_dict.128k.txt', nwordstgt=-1, nwordssrc=-1, alignfile=None, dataset_impl='mmap', joined_dictionary=False, only_source=False, padding_factor=8, workers=1, dict_only=False)
[hi] Dictionary: 128112 types
[hi] /home/krish/content/Mann_Ki_Baat/wmt22_spm/train.spm.hi: 39268 sents, 861477 tokens, 0.00824% replaced (by <unk>)
[hi] Dictionary: 128112 types
[hi] /home/krish/content/Mann_Ki_Baat/wmt22_spm/dev.spm.hi: 4505 sents, 88512 tokens, 0.0158% replaced (by <unk>)
[hi] Dictionary: 128112 types
[hi] /home/krish/content/Mann_Ki_Baat/wmt22_spm/test.spm.hi: 441 sents, 16312 tokens, 0.0% replaced (by <unk>)
[mr] Dictionary: 128112 types
[mr] /home/krish/content/Mann_Ki_Baat/wmt22_spm/train.spm.mr: 39268 sents, 1301591 tokens, 0.00622% replaced (by <unk>)
[mr] Dictionary: 128112 types
[mr] /home/krish/content/Mann_Ki_Baat/wmt22_spm/dev.spm.mr: 4505 sents, 133499 tokens, 0.00824% replaced (by <unk>)
[mr] Dictionary: 128112 types
[mr] /home/krish/content/Mann_Ki_Baat/wmt22_spm/test.spm.mr: 441 sents, 27619 tokens, 0.00362% replaced (by <unk>)
Wrote preprocessed data to /home/krish/content/Mann_Ki_Baat/wmt22_spm/wmt22_bin
Namespace(no_progress_bar=False, log_interval=100, log_format=None, log_file=None, aim_repo=None, aim_run_hash=None, tensorboard_logdir=None, wandb_project=None, azureml_logging=False, seed=1, cpu=False, tpu=False, bf16=False, memory_efficient_bf16=False, fp16=False, memory_efficient_fp16=False, fp16_no_flatten_grads=False, fp16_init_scale=128, fp16_scale_window=None, fp16_scale_tolerance=0.0, on_cpu_convert_precision=False, min_loss_scale=0.0001, threshold_loss_scale=None, amp=False, amp_batch_retries=2, amp_init_scale=128, amp_scale_window=None, user_dir=None, empty_cache_freq=0, all_gather_list_size=16384, model_parallel_size=1, quantization_config_path=None, profile=False, reset_logging=False, suppress_crashes=False, use_plasma_view=False, plasma_path='/tmp/plasma', criterion='cross_entropy', tokenizer=None, bpe=None, optimizer=None, lr_scheduler='fixed', scoring='bleu', task='translation', source_lang='hi', target_lang='mr', trainpref='/home/krish/content/Mann_Ki_Baat/wmt22_spm/train.spm', validpref='/home/krish/content/Mann_Ki_Baat/wmt22_spm/dev.spm', testpref='/home/krish/content/Mann_Ki_Baat/wmt22_spm/test.spm', align_suffix=None, destdir='/home/krish/content/Mann_Ki_Baat/wmt22_spm/wmt22_bin', thresholdtgt=0, thresholdsrc=0, tgtdict='/home/krish/content/Mann_Ki_Baat/wmt22_spm/model_dict.128k.txt', srcdict='/home/krish/content/Mann_Ki_Baat/wmt22_spm/model_dict.128k.txt', nwordstgt=-1, nwordssrc=-1, alignfile=None, dataset_impl='mmap', joined_dictionary=False, only_source=False, padding_factor=8, workers=1, dict_only=False)
[hi] Dictionary: 128112 types
[hi] /home/krish/content/Mann_Ki_Baat/wmt22_spm/train.spm.hi: 39268 sents, 861477 tokens, 0.00824% replaced (by <unk>)
[hi] Dictionary: 128112 types
[hi] /home/krish/content/Mann_Ki_Baat/wmt22_spm/dev.spm.hi: 4505 sents, 88512 tokens, 0.0158% replaced (by <unk>)
[hi] Dictionary: 128112 types
[hi] /home/krish/content/Mann_Ki_Baat/wmt22_spm/test.spm.hi: 129 sents, 4270 tokens, 0.0% replaced (by <unk>)
[mr] Dictionary: 128112 types
[mr] /home/krish/content/Mann_Ki_Baat/wmt22_spm/train.spm.mr: 39268 sents, 1301591 tokens, 0.00622% replaced (by <unk>)
[mr] Dictionary: 128112 types
[mr] /home/krish/content/Mann_Ki_Baat/wmt22_spm/dev.spm.mr: 4505 sents, 133499 tokens, 0.00824% replaced (by <unk>)
[mr] Dictionary: 128112 types
[mr] /home/krish/content/Mann_Ki_Baat/wmt22_spm/test.spm.mr: 129 sents, 5947 tokens, 0.0% replaced (by <unk>)
Wrote preprocessed data to /home/krish/content/Mann_Ki_Baat/wmt22_spm/wmt22_bin
Namespace(no_progress_bar=False, log_interval=100, log_format=None, log_file=None, aim_repo=None, aim_run_hash=None, tensorboard_logdir=None, wandb_project=None, azureml_logging=False, seed=1, cpu=False, tpu=False, bf16=False, memory_efficient_bf16=False, fp16=False, memory_efficient_fp16=False, fp16_no_flatten_grads=False, fp16_init_scale=128, fp16_scale_window=None, fp16_scale_tolerance=0.0, on_cpu_convert_precision=False, min_loss_scale=0.0001, threshold_loss_scale=None, amp=False, amp_batch_retries=2, amp_init_scale=128, amp_scale_window=None, user_dir=None, empty_cache_freq=0, all_gather_list_size=16384, model_parallel_size=1, quantization_config_path=None, profile=False, reset_logging=False, suppress_crashes=False, use_plasma_view=False, plasma_path='/tmp/plasma', criterion='cross_entropy', tokenizer=None, bpe=None, optimizer=None, lr_scheduler='fixed', scoring='bleu', task='translation', source_lang='hi', target_lang='mr', trainpref='/home/krish/content/Mann_Ki_Baat/wmt22_spm/train.spm', validpref='/home/krish/content/Mann_Ki_Baat/wmt22_spm/dev.spm', testpref='/home/krish/content/Mann_Ki_Baat/wmt22_spm/test.spm', align_suffix=None, destdir='/home/krish/content/Mann_Ki_Baat/wmt22_spm/wmt22_bin', thresholdtgt=0, thresholdsrc=0, tgtdict='/home/krish/content/Mann_Ki_Baat/wmt22_spm/model_dict.128k.txt', srcdict='/home/krish/content/Mann_Ki_Baat/wmt22_spm/model_dict.128k.txt', nwordstgt=-1, nwordssrc=-1, alignfile=None, dataset_impl='mmap', joined_dictionary=False, only_source=False, padding_factor=8, workers=1, dict_only=False)
[hi] Dictionary: 128112 types
[hi] /home/krish/content/Mann_Ki_Baat/wmt22_spm/train.spm.hi: 39268 sents, 861477 tokens, 0.00824% replaced (by <unk>)
[hi] Dictionary: 128112 types
[hi] /home/krish/content/Mann_Ki_Baat/wmt22_spm/dev.spm.hi: 4505 sents, 88512 tokens, 0.0158% replaced (by <unk>)
[hi] Dictionary: 128112 types
[hi] /home/krish/content/Mann_Ki_Baat/wmt22_spm/test.spm.hi: 143 sents, 3751 tokens, 0.0% replaced (by <unk>)
[mr] Dictionary: 128112 types
[mr] /home/krish/content/Mann_Ki_Baat/wmt22_spm/train.spm.mr: 39268 sents, 1301591 tokens, 0.00622% replaced (by <unk>)
[mr] Dictionary: 128112 types
[mr] /home/krish/content/Mann_Ki_Baat/wmt22_spm/dev.spm.mr: 4505 sents, 133499 tokens, 0.00824% replaced (by <unk>)
[mr] Dictionary: 128112 types
[mr] /home/krish/content/Mann_Ki_Baat/wmt22_spm/test.spm.mr: 143 sents, 6248 tokens, 0.0% replaced (by <unk>)
Wrote preprocessed data to /home/krish/content/Mann_Ki_Baat/wmt22_spm/wmt22_bin
Namespace(no_progress_bar=False, log_interval=100, log_format=None, log_file=None, aim_repo=None, aim_run_hash=None, tensorboard_logdir=None, wandb_project=None, azureml_logging=False, seed=1, cpu=False, tpu=False, bf16=False, memory_efficient_bf16=False, fp16=False, memory_efficient_fp16=False, fp16_no_flatten_grads=False, fp16_init_scale=128, fp16_scale_window=None, fp16_scale_tolerance=0.0, on_cpu_convert_precision=False, min_loss_scale=0.0001, threshold_loss_scale=None, amp=False, amp_batch_retries=2, amp_init_scale=128, amp_scale_window=None, user_dir=None, empty_cache_freq=0, all_gather_list_size=16384, model_parallel_size=1, quantization_config_path=None, profile=False, reset_logging=False, suppress_crashes=False, use_plasma_view=False, plasma_path='/tmp/plasma', criterion='cross_entropy', tokenizer=None, bpe=None, optimizer=None, lr_scheduler='fixed', scoring='bleu', task='translation', source_lang='hi', target_lang='mr', trainpref='/home/krish/content/Mann_Ki_Baat/wmt22_spm/train.spm', validpref='/home/krish/content/Mann_Ki_Baat/wmt22_spm/dev.spm', testpref='/home/krish/content/Mann_Ki_Baat/wmt22_spm/test.spm', align_suffix=None, destdir='/home/krish/content/Mann_Ki_Baat/wmt22_spm/wmt22_bin', thresholdtgt=0, thresholdsrc=0, tgtdict='/home/krish/content/Mann_Ki_Baat/wmt22_spm/model_dict.128k.txt', srcdict='/home/krish/content/Mann_Ki_Baat/wmt22_spm/model_dict.128k.txt', nwordstgt=-1, nwordssrc=-1, alignfile=None, dataset_impl='mmap', joined_dictionary=False, only_source=False, padding_factor=8, workers=1, dict_only=False)
[hi] Dictionary: 128112 types
[hi] /home/krish/content/Mann_Ki_Baat/wmt22_spm/train.spm.hi: 39268 sents, 861477 tokens, 0.00824% replaced (by <unk>)
[hi] Dictionary: 128112 types
[hi] /home/krish/content/Mann_Ki_Baat/wmt22_spm/dev.spm.hi: 4505 sents, 88512 tokens, 0.0158% replaced (by <unk>)
[hi] Dictionary: 128112 types
[hi] /home/krish/content/Mann_Ki_Baat/wmt22_spm/test.spm.hi: 1744 sents, 27816 tokens, 0.0% replaced (by <unk>)
[mr] Dictionary: 128112 types
[mr] /home/krish/content/Mann_Ki_Baat/wmt22_spm/train.spm.mr: 39268 sents, 1301591 tokens, 0.00622% replaced (by <unk>)
[mr] Dictionary: 128112 types
[mr] /home/krish/content/Mann_Ki_Baat/wmt22_spm/dev.spm.mr: 4505 sents, 133499 tokens, 0.00824% replaced (by <unk>)
[mr] Dictionary: 128112 types
[mr] /home/krish/content/Mann_Ki_Baat/wmt22_spm/test.spm.mr: 1744 sents, 41354 tokens, 0.00725% replaced (by <unk>)
Wrote preprocessed data to /home/krish/content/Mann_Ki_Baat/wmt22_spm/wmt22_bin
Namespace(no_progress_bar=False, log_interval=100, log_format=None, log_file=None, aim_repo=None, aim_run_hash=None, tensorboard_logdir=None, wandb_project=None, azureml_logging=False, seed=1, cpu=False, tpu=False, bf16=False, memory_efficient_bf16=False, fp16=False, memory_efficient_fp16=False, fp16_no_flatten_grads=False, fp16_init_scale=128, fp16_scale_window=None, fp16_scale_tolerance=0.0, on_cpu_convert_precision=False, min_loss_scale=0.0001, threshold_loss_scale=None, amp=False, amp_batch_retries=2, amp_init_scale=128, amp_scale_window=None, user_dir=None, empty_cache_freq=0, all_gather_list_size=16384, model_parallel_size=1, quantization_config_path=None, profile=False, reset_logging=False, suppress_crashes=False, use_plasma_view=False, plasma_path='/tmp/plasma', criterion='cross_entropy', tokenizer=None, bpe=None, optimizer=None, lr_scheduler='fixed', scoring='bleu', task='translation', source_lang='hi', target_lang='mr', trainpref='/home/krish/content/Mann_Ki_Baat/wmt22_spm/train.spm', validpref='/home/krish/content/Mann_Ki_Baat/wmt22_spm/dev.spm', testpref='/home/krish/content/Mann_Ki_Baat/wmt22_spm/test.spm', align_suffix=None, destdir='/home/krish/content/Mann_Ki_Baat/wmt22_spm/wmt22_bin', thresholdtgt=0, thresholdsrc=0, tgtdict='/home/krish/content/Mann_Ki_Baat/wmt22_spm/model_dict.128k.txt', srcdict='/home/krish/content/Mann_Ki_Baat/wmt22_spm/model_dict.128k.txt', nwordstgt=-1, nwordssrc=-1, alignfile=None, dataset_impl='mmap', joined_dictionary=False, only_source=False, padding_factor=8, workers=1, dict_only=False)
[hi] Dictionary: 128112 types
[hi] /home/krish/content/Mann_Ki_Baat/wmt22_spm/train.spm.hi: 39268 sents, 861477 tokens, 0.00824% replaced (by <unk>)
[hi] Dictionary: 128112 types
[hi] /home/krish/content/Mann_Ki_Baat/wmt22_spm/dev.spm.hi: 4505 sents, 88512 tokens, 0.0158% replaced (by <unk>)
[hi] Dictionary: 128112 types
[hi] /home/krish/content/Mann_Ki_Baat/wmt22_spm/test.spm.hi: 15 sents, 573 tokens, 0.0% replaced (by <unk>)
[mr] Dictionary: 128112 types
[mr] /home/krish/content/Mann_Ki_Baat/wmt22_spm/train.spm.mr: 39268 sents, 1301591 tokens, 0.00622% replaced (by <unk>)
[mr] Dictionary: 128112 types
[mr] /home/krish/content/Mann_Ki_Baat/wmt22_spm/dev.spm.mr: 4505 sents, 133499 tokens, 0.00824% replaced (by <unk>)
[mr] Dictionary: 128112 types
[mr] /home/krish/content/Mann_Ki_Baat/wmt22_spm/test.spm.mr: 15 sents, 30 tokens, 0.0% replaced (by <unk>)
Wrote preprocessed data to /home/krish/content/Mann_Ki_Baat/wmt22_spm/wmt22_bin
Namespace(no_progress_bar=False, log_interval=100, log_format=None, log_file=None, aim_repo=None, aim_run_hash=None, tensorboard_logdir=None, wandb_project=None, azureml_logging=False, seed=1, cpu=False, tpu=False, bf16=False, memory_efficient_bf16=False, fp16=False, memory_efficient_fp16=False, fp16_no_flatten_grads=False, fp16_init_scale=128, fp16_scale_window=None, fp16_scale_tolerance=0.0, on_cpu_convert_precision=False, min_loss_scale=0.0001, threshold_loss_scale=None, amp=False, amp_batch_retries=2, amp_init_scale=128, amp_scale_window=None, user_dir=None, empty_cache_freq=0, all_gather_list_size=16384, model_parallel_size=1, quantization_config_path=None, profile=False, reset_logging=False, suppress_crashes=False, use_plasma_view=False, plasma_path='/tmp/plasma', criterion='cross_entropy', tokenizer=None, bpe=None, optimizer=None, lr_scheduler='fixed', scoring='bleu', task='translation', source_lang='hi', target_lang='mr', trainpref='/home/krish/content/Mann_Ki_Baat/wmt22_spm/train.spm', validpref='/home/krish/content/Mann_Ki_Baat/wmt22_spm/dev.spm', testpref='/home/krish/content/Mann_Ki_Baat/wmt22_spm/test.spm', align_suffix=None, destdir='/home/krish/content/Mann_Ki_Baat/wmt22_spm/wmt22_bin', thresholdtgt=0, thresholdsrc=0, tgtdict='/home/krish/content/Mann_Ki_Baat/wmt22_spm/model_dict.128k.txt', srcdict='/home/krish/content/Mann_Ki_Baat/wmt22_spm/model_dict.128k.txt', nwordstgt=-1, nwordssrc=-1, alignfile=None, dataset_impl='mmap', joined_dictionary=False, only_source=False, padding_factor=8, workers=1, dict_only=False)
[hi] Dictionary: 128112 types
[hi] /home/krish/content/Mann_Ki_Baat/wmt22_spm/train.spm.hi: 39268 sents, 861477 tokens, 0.00824% replaced (by <unk>)
[hi] Dictionary: 128112 types
[hi] /home/krish/content/Mann_Ki_Baat/wmt22_spm/dev.spm.hi: 4505 sents, 88512 tokens, 0.0158% replaced (by <unk>)
[hi] Dictionary: 128112 types
[hi] /home/krish/content/Mann_Ki_Baat/wmt22_spm/test.spm.hi: 34 sents, 1915 tokens, 0.0% replaced (by <unk>)
[mr] Dictionary: 128112 types
[mr] /home/krish/content/Mann_Ki_Baat/wmt22_spm/train.spm.mr: 39268 sents, 1301591 tokens, 0.00622% replaced (by <unk>)
[mr] Dictionary: 128112 types
[mr] /home/krish/content/Mann_Ki_Baat/wmt22_spm/dev.spm.mr: 4505 sents, 133499 tokens, 0.00824% replaced (by <unk>)
[mr] Dictionary: 128112 types
[mr] /home/krish/content/Mann_Ki_Baat/wmt22_spm/test.spm.mr: 34 sents, 68 tokens, 0.0% replaced (by <unk>)
Wrote preprocessed data to /home/krish/content/Mann_Ki_Baat/wmt22_spm/wmt22_bin
Namespace(no_progress_bar=False, log_interval=100, log_format=None, log_file=None, aim_repo=None, aim_run_hash=None, tensorboard_logdir=None, wandb_project=None, azureml_logging=False, seed=1, cpu=False, tpu=False, bf16=False, memory_efficient_bf16=False, fp16=False, memory_efficient_fp16=False, fp16_no_flatten_grads=False, fp16_init_scale=128, fp16_scale_window=None, fp16_scale_tolerance=0.0, on_cpu_convert_precision=False, min_loss_scale=0.0001, threshold_loss_scale=None, amp=False, amp_batch_retries=2, amp_init_scale=128, amp_scale_window=None, user_dir=None, empty_cache_freq=0, all_gather_list_size=16384, model_parallel_size=1, quantization_config_path=None, profile=False, reset_logging=False, suppress_crashes=False, use_plasma_view=False, plasma_path='/tmp/plasma', criterion='cross_entropy', tokenizer=None, bpe=None, optimizer=None, lr_scheduler='fixed', scoring='bleu', task='translation', source_lang='hi', target_lang='mr', trainpref='/home/krish/content/Mann_Ki_Baat/wmt22_spm/train.spm', validpref='/home/krish/content/Mann_Ki_Baat/wmt22_spm/dev.spm', testpref='/home/krish/content/Mann_Ki_Baat/wmt22_spm/test.spm', align_suffix=None, destdir='/home/krish/content/Mann_Ki_Baat/wmt22_spm/wmt22_bin', thresholdtgt=0, thresholdsrc=0, tgtdict='/home/krish/content/Mann_Ki_Baat/wmt22_spm/model_dict.128k.txt', srcdict='/home/krish/content/Mann_Ki_Baat/wmt22_spm/model_dict.128k.txt', nwordstgt=-1, nwordssrc=-1, alignfile=None, dataset_impl='mmap', joined_dictionary=False, only_source=False, padding_factor=8, workers=1, dict_only=False)
[hi] Dictionary: 128112 types
[hi] /home/krish/content/Mann_Ki_Baat/wmt22_spm/train.spm.hi: 39268 sents, 861477 tokens, 0.00824% replaced (by <unk>)
[hi] Dictionary: 128112 types
[hi] /home/krish/content/Mann_Ki_Baat/wmt22_spm/dev.spm.hi: 4505 sents, 88512 tokens, 0.0158% replaced (by <unk>)
[hi] Dictionary: 128112 types
[hi] /home/krish/content/Mann_Ki_Baat/wmt22_spm/test.spm.hi: 121 sents, 5058 tokens, 0.0% replaced (by <unk>)
[mr] Dictionary: 128112 types
[mr] /home/krish/content/Mann_Ki_Baat/wmt22_spm/train.spm.mr: 39268 sents, 1301591 tokens, 0.00622% replaced (by <unk>)
[mr] Dictionary: 128112 types
[mr] /home/krish/content/Mann_Ki_Baat/wmt22_spm/dev.spm.mr: 4505 sents, 133499 tokens, 0.00824% replaced (by <unk>)
[mr] Dictionary: 128112 types
[mr] /home/krish/content/Mann_Ki_Baat/wmt22_spm/test.spm.mr: 121 sents, 242 tokens, 0.0% replaced (by <unk>)
Wrote preprocessed data to /home/krish/content/Mann_Ki_Baat/wmt22_spm/wmt22_bin
Namespace(no_progress_bar=False, log_interval=100, log_format=None, log_file=None, aim_repo=None, aim_run_hash=None, tensorboard_logdir=None, wandb_project=None, azureml_logging=False, seed=1, cpu=False, tpu=False, bf16=False, memory_efficient_bf16=False, fp16=False, memory_efficient_fp16=False, fp16_no_flatten_grads=False, fp16_init_scale=128, fp16_scale_window=None, fp16_scale_tolerance=0.0, on_cpu_convert_precision=False, min_loss_scale=0.0001, threshold_loss_scale=None, amp=False, amp_batch_retries=2, amp_init_scale=128, amp_scale_window=None, user_dir=None, empty_cache_freq=0, all_gather_list_size=16384, model_parallel_size=1, quantization_config_path=None, profile=False, reset_logging=False, suppress_crashes=False, use_plasma_view=False, plasma_path='/tmp/plasma', criterion='cross_entropy', tokenizer=None, bpe=None, optimizer=None, lr_scheduler='fixed', scoring='bleu', task='translation', source_lang='hi', target_lang='mr', trainpref='/home/krish/content/Mann_Ki_Baat/wmt22_spm/train.spm', validpref='/home/krish/content/Mann_Ki_Baat/wmt22_spm/dev.spm', testpref='/home/krish/content/Mann_Ki_Baat/wmt22_spm/test.spm', align_suffix=None, destdir='/home/krish/content/Mann_Ki_Baat/wmt22_spm/wmt22_bin', thresholdtgt=0, thresholdsrc=0, tgtdict='/home/krish/content/Mann_Ki_Baat/wmt22_spm/model_dict.128k.txt', srcdict='/home/krish/content/Mann_Ki_Baat/wmt22_spm/model_dict.128k.txt', nwordstgt=-1, nwordssrc=-1, alignfile=None, dataset_impl='mmap', joined_dictionary=False, only_source=False, padding_factor=8, workers=1, dict_only=False)
[hi] Dictionary: 128112 types
[hi] /home/krish/content/Mann_Ki_Baat/wmt22_spm/train.spm.hi: 39268 sents, 861477 tokens, 0.00824% replaced (by <unk>)
[hi] Dictionary: 128112 types
[hi] /home/krish/content/Mann_Ki_Baat/wmt22_spm/dev.spm.hi: 4505 sents, 88512 tokens, 0.0158% replaced (by <unk>)
[hi] Dictionary: 128112 types
[hi] /home/krish/content/Mann_Ki_Baat/wmt22_spm/test.spm.hi: 106 sents, 4550 tokens, 0.0% replaced (by <unk>)
[mr] Dictionary: 128112 types
[mr] /home/krish/content/Mann_Ki_Baat/wmt22_spm/train.spm.mr: 39268 sents, 1301591 tokens, 0.00622% replaced (by <unk>)
[mr] Dictionary: 128112 types
[mr] /home/krish/content/Mann_Ki_Baat/wmt22_spm/dev.spm.mr: 4505 sents, 133499 tokens, 0.00824% replaced (by <unk>)
[mr] Dictionary: 128112 types
[mr] /home/krish/content/Mann_Ki_Baat/wmt22_spm/test.spm.mr: 106 sents, 212 tokens, 0.0% replaced (by <unk>)
Wrote preprocessed data to /home/krish/content/Mann_Ki_Baat/wmt22_spm/wmt22_bin
Namespace(no_progress_bar=False, log_interval=100, log_format=None, log_file=None, aim_repo=None, aim_run_hash=None, tensorboard_logdir=None, wandb_project=None, azureml_logging=False, seed=1, cpu=False, tpu=False, bf16=False, memory_efficient_bf16=False, fp16=False, memory_efficient_fp16=False, fp16_no_flatten_grads=False, fp16_init_scale=128, fp16_scale_window=None, fp16_scale_tolerance=0.0, on_cpu_convert_precision=False, min_loss_scale=0.0001, threshold_loss_scale=None, amp=False, amp_batch_retries=2, amp_init_scale=128, amp_scale_window=None, user_dir=None, empty_cache_freq=0, all_gather_list_size=16384, model_parallel_size=1, quantization_config_path=None, profile=False, reset_logging=False, suppress_crashes=False, use_plasma_view=False, plasma_path='/tmp/plasma', criterion='cross_entropy', tokenizer=None, bpe=None, optimizer=None, lr_scheduler='fixed', scoring='bleu', task='translation', source_lang='hi', target_lang='mr', trainpref='/home/krish/content/Mann_Ki_Baat/wmt22_spm/train.spm', validpref='/home/krish/content/Mann_Ki_Baat/wmt22_spm/dev.spm', testpref='/home/krish/content/Mann_Ki_Baat/wmt22_spm/test.spm', align_suffix=None, destdir='/home/krish/content/Mann_Ki_Baat/wmt22_spm/wmt22_bin', thresholdtgt=0, thresholdsrc=0, tgtdict='/home/krish/content/Mann_Ki_Baat/wmt22_spm/model_dict.128k.txt', srcdict='/home/krish/content/Mann_Ki_Baat/wmt22_spm/model_dict.128k.txt', nwordstgt=-1, nwordssrc=-1, alignfile=None, dataset_impl='mmap', joined_dictionary=False, only_source=False, padding_factor=8, workers=1, dict_only=False)
[hi] Dictionary: 128112 types
[hi] /home/krish/content/Mann_Ki_Baat/wmt22_spm/train.spm.hi: 39268 sents, 861477 tokens, 0.00824% replaced (by <unk>)
[hi] Dictionary: 128112 types
[hi] /home/krish/content/Mann_Ki_Baat/wmt22_spm/dev.spm.hi: 4505 sents, 88512 tokens, 0.0158% replaced (by <unk>)
[hi] Dictionary: 128112 types
[hi] /home/krish/content/Mann_Ki_Baat/wmt22_spm/test.spm.hi: 142 sents, 6517 tokens, 0.0% replaced (by <unk>)
[mr] Dictionary: 128112 types
[mr] /home/krish/content/Mann_Ki_Baat/wmt22_spm/train.spm.mr: 39268 sents, 1301591 tokens, 0.00622% replaced (by <unk>)
[mr] Dictionary: 128112 types
[mr] /home/krish/content/Mann_Ki_Baat/wmt22_spm/dev.spm.mr: 4505 sents, 133499 tokens, 0.00824% replaced (by <unk>)
[mr] Dictionary: 128112 types
[mr] /home/krish/content/Mann_Ki_Baat/wmt22_spm/test.spm.mr: 142 sents, 284 tokens, 0.0% replaced (by <unk>)
Wrote preprocessed data to /home/krish/content/Mann_Ki_Baat/wmt22_spm/wmt22_bin
Namespace(no_progress_bar=False, log_interval=100, log_format=None, log_file=None, aim_repo=None, aim_run_hash=None, tensorboard_logdir=None, wandb_project=None, azureml_logging=False, seed=1, cpu=False, tpu=False, bf16=False, memory_efficient_bf16=False, fp16=False, memory_efficient_fp16=False, fp16_no_flatten_grads=False, fp16_init_scale=128, fp16_scale_window=None, fp16_scale_tolerance=0.0, on_cpu_convert_precision=False, min_loss_scale=0.0001, threshold_loss_scale=None, amp=False, amp_batch_retries=2, amp_init_scale=128, amp_scale_window=None, user_dir=None, empty_cache_freq=0, all_gather_list_size=16384, model_parallel_size=1, quantization_config_path=None, profile=False, reset_logging=False, suppress_crashes=False, use_plasma_view=False, plasma_path='/tmp/plasma', criterion='cross_entropy', tokenizer=None, bpe=None, optimizer=None, lr_scheduler='fixed', scoring='bleu', task='translation', source_lang='hi', target_lang='mr', trainpref='/home/krish/content/Mann_Ki_Baat/wmt22_spm/train.spm', validpref='/home/krish/content/Mann_Ki_Baat/wmt22_spm/dev.spm', testpref='/home/krish/content/Mann_Ki_Baat/wmt22_spm/test.spm', align_suffix=None, destdir='/home/krish/content/Mann_Ki_Baat/wmt22_spm/wmt22_bin', thresholdtgt=0, thresholdsrc=0, tgtdict='/home/krish/content/Mann_Ki_Baat/wmt22_spm/model_dict.128k.txt', srcdict='/home/krish/content/Mann_Ki_Baat/wmt22_spm/model_dict.128k.txt', nwordstgt=-1, nwordssrc=-1, alignfile=None, dataset_impl='mmap', joined_dictionary=False, only_source=False, padding_factor=8, workers=1, dict_only=False)
[hi] Dictionary: 128112 types
[hi] /home/krish/content/Mann_Ki_Baat/wmt22_spm/train.spm.hi: 39268 sents, 861477 tokens, 0.00824% replaced (by <unk>)
[hi] Dictionary: 128112 types
[hi] /home/krish/content/Mann_Ki_Baat/wmt22_spm/dev.spm.hi: 4505 sents, 88512 tokens, 0.0158% replaced (by <unk>)
[hi] Dictionary: 128112 types
[hi] /home/krish/content/Mann_Ki_Baat/wmt22_spm/test.spm.hi: 42 sents, 1446 tokens, 0.0% replaced (by <unk>)
[mr] Dictionary: 128112 types
[mr] /home/krish/content/Mann_Ki_Baat/wmt22_spm/train.spm.mr: 39268 sents, 1301591 tokens, 0.00622% replaced (by <unk>)
[mr] Dictionary: 128112 types
[mr] /home/krish/content/Mann_Ki_Baat/wmt22_spm/dev.spm.mr: 4505 sents, 133499 tokens, 0.00824% replaced (by <unk>)
[mr] Dictionary: 128112 types
[mr] /home/krish/content/Mann_Ki_Baat/wmt22_spm/test.spm.mr: 42 sents, 84 tokens, 0.0% replaced (by <unk>)
Wrote preprocessed data to /home/krish/content/Mann_Ki_Baat/wmt22_spm/wmt22_bin
Namespace(no_progress_bar=False, log_interval=100, log_format=None, log_file=None, aim_repo=None, aim_run_hash=None, tensorboard_logdir=None, wandb_project=None, azureml_logging=False, seed=1, cpu=False, tpu=False, bf16=False, memory_efficient_bf16=False, fp16=False, memory_efficient_fp16=False, fp16_no_flatten_grads=False, fp16_init_scale=128, fp16_scale_window=None, fp16_scale_tolerance=0.0, on_cpu_convert_precision=False, min_loss_scale=0.0001, threshold_loss_scale=None, amp=False, amp_batch_retries=2, amp_init_scale=128, amp_scale_window=None, user_dir=None, empty_cache_freq=0, all_gather_list_size=16384, model_parallel_size=1, quantization_config_path=None, profile=False, reset_logging=False, suppress_crashes=False, use_plasma_view=False, plasma_path='/tmp/plasma', criterion='cross_entropy', tokenizer=None, bpe=None, optimizer=None, lr_scheduler='fixed', scoring='bleu', task='translation', source_lang='hi', target_lang='mr', trainpref='/home/krish/content/Mann_Ki_Baat/wmt22_spm/train.spm', validpref='/home/krish/content/Mann_Ki_Baat/wmt22_spm/dev.spm', testpref='/home/krish/content/Mann_Ki_Baat/wmt22_spm/test.spm', align_suffix=None, destdir='/home/krish/content/Mann_Ki_Baat/wmt22_spm/wmt22_bin', thresholdtgt=0, thresholdsrc=0, tgtdict='/home/krish/content/Mann_Ki_Baat/wmt22_spm/model_dict.128k.txt', srcdict='/home/krish/content/Mann_Ki_Baat/wmt22_spm/model_dict.128k.txt', nwordstgt=-1, nwordssrc=-1, alignfile=None, dataset_impl='mmap', joined_dictionary=False, only_source=False, padding_factor=8, workers=1, dict_only=False)
[hi] Dictionary: 128112 types
[hi] /home/krish/content/Mann_Ki_Baat/wmt22_spm/train.spm.hi: 39268 sents, 861477 tokens, 0.00824% replaced (by <unk>)
[hi] Dictionary: 128112 types
[hi] /home/krish/content/Mann_Ki_Baat/wmt22_spm/dev.spm.hi: 4505 sents, 88512 tokens, 0.0158% replaced (by <unk>)
[hi] Dictionary: 128112 types
[hi] /home/krish/content/Mann_Ki_Baat/wmt22_spm/test.spm.hi: 28 sents, 303 tokens, 0.0% replaced (by <unk>)
[mr] Dictionary: 128112 types
[mr] /home/krish/content/Mann_Ki_Baat/wmt22_spm/train.spm.mr: 39268 sents, 1301591 tokens, 0.00622% replaced (by <unk>)
[mr] Dictionary: 128112 types
[mr] /home/krish/content/Mann_Ki_Baat/wmt22_spm/dev.spm.mr: 4505 sents, 133499 tokens, 0.00824% replaced (by <unk>)
[mr] Dictionary: 128112 types
[mr] /home/krish/content/Mann_Ki_Baat/wmt22_spm/test.spm.mr: 28 sents, 56 tokens, 0.0% replaced (by <unk>)
Wrote preprocessed data to /home/krish/content/Mann_Ki_Baat/wmt22_spm/wmt22_bin
Namespace(no_progress_bar=False, log_interval=100, log_format=None, log_file=None, aim_repo=None, aim_run_hash=None, tensorboard_logdir=None, wandb_project=None, azureml_logging=False, seed=1, cpu=False, tpu=False, bf16=False, memory_efficient_bf16=False, fp16=False, memory_efficient_fp16=False, fp16_no_flatten_grads=False, fp16_init_scale=128, fp16_scale_window=None, fp16_scale_tolerance=0.0, on_cpu_convert_precision=False, min_loss_scale=0.0001, threshold_loss_scale=None, amp=False, amp_batch_retries=2, amp_init_scale=128, amp_scale_window=None, user_dir=None, empty_cache_freq=0, all_gather_list_size=16384, model_parallel_size=1, quantization_config_path=None, profile=False, reset_logging=False, suppress_crashes=False, use_plasma_view=False, plasma_path='/tmp/plasma', criterion='cross_entropy', tokenizer=None, bpe=None, optimizer=None, lr_scheduler='fixed', scoring='bleu', task='translation', source_lang='hi', target_lang='mr', trainpref='/home/krish/content/Mann_Ki_Baat/wmt22_spm/train.spm', validpref='/home/krish/content/Mann_Ki_Baat/wmt22_spm/dev.spm', testpref='/home/krish/content/Mann_Ki_Baat/wmt22_spm/test.spm', align_suffix=None, destdir='/home/krish/content/Mann_Ki_Baat/wmt22_spm/wmt22_bin', thresholdtgt=0, thresholdsrc=0, tgtdict='/home/krish/content/Mann_Ki_Baat/wmt22_spm/model_dict.128k.txt', srcdict='/home/krish/content/Mann_Ki_Baat/wmt22_spm/model_dict.128k.txt', nwordstgt=-1, nwordssrc=-1, alignfile=None, dataset_impl='mmap', joined_dictionary=False, only_source=False, padding_factor=8, workers=1, dict_only=False)
[hi] Dictionary: 128112 types
[hi] /home/krish/content/Mann_Ki_Baat/wmt22_spm/train.spm.hi: 39268 sents, 861477 tokens, 0.00824% replaced (by <unk>)
[hi] Dictionary: 128112 types
[hi] /home/krish/content/Mann_Ki_Baat/wmt22_spm/dev.spm.hi: 4505 sents, 88512 tokens, 0.0158% replaced (by <unk>)
[hi] Dictionary: 128112 types
[hi] /home/krish/content/Mann_Ki_Baat/wmt22_spm/test.spm.hi: 74 sents, 679 tokens, 0.0% replaced (by <unk>)
[mr] Dictionary: 128112 types
[mr] /home/krish/content/Mann_Ki_Baat/wmt22_spm/train.spm.mr: 39268 sents, 1301591 tokens, 0.00622% replaced (by <unk>)
[mr] Dictionary: 128112 types
[mr] /home/krish/content/Mann_Ki_Baat/wmt22_spm/dev.spm.mr: 4505 sents, 133499 tokens, 0.00824% replaced (by <unk>)
[mr] Dictionary: 128112 types
[mr] /home/krish/content/Mann_Ki_Baat/wmt22_spm/test.spm.mr: 74 sents, 148 tokens, 0.0% replaced (by <unk>)
Wrote preprocessed data to /home/krish/content/Mann_Ki_Baat/wmt22_spm/wmt22_bin
Namespace(no_progress_bar=False, log_interval=100, log_format=None, log_file=None, aim_repo=None, aim_run_hash=None, tensorboard_logdir=None, wandb_project=None, azureml_logging=False, seed=1, cpu=False, tpu=False, bf16=False, memory_efficient_bf16=False, fp16=False, memory_efficient_fp16=False, fp16_no_flatten_grads=False, fp16_init_scale=128, fp16_scale_window=None, fp16_scale_tolerance=0.0, on_cpu_convert_precision=False, min_loss_scale=0.0001, threshold_loss_scale=None, amp=False, amp_batch_retries=2, amp_init_scale=128, amp_scale_window=None, user_dir=None, empty_cache_freq=0, all_gather_list_size=16384, model_parallel_size=1, quantization_config_path=None, profile=False, reset_logging=False, suppress_crashes=False, use_plasma_view=False, plasma_path='/tmp/plasma', criterion='cross_entropy', tokenizer=None, bpe=None, optimizer=None, lr_scheduler='fixed', scoring='bleu', task='translation', source_lang='hi', target_lang='mr', trainpref='/home/krish/content/Mann_Ki_Baat/wmt22_spm/train.spm', validpref='/home/krish/content/Mann_Ki_Baat/wmt22_spm/dev.spm', testpref='/home/krish/content/Mann_Ki_Baat/wmt22_spm/test.spm', align_suffix=None, destdir='/home/krish/content/Mann_Ki_Baat/wmt22_spm/wmt22_bin', thresholdtgt=0, thresholdsrc=0, tgtdict='/home/krish/content/Mann_Ki_Baat/wmt22_spm/model_dict.128k.txt', srcdict='/home/krish/content/Mann_Ki_Baat/wmt22_spm/model_dict.128k.txt', nwordstgt=-1, nwordssrc=-1, alignfile=None, dataset_impl='mmap', joined_dictionary=False, only_source=False, padding_factor=8, workers=1, dict_only=False)
[hi] Dictionary: 128112 types
[hi] /home/krish/content/Mann_Ki_Baat/wmt22_spm/train.spm.hi: 39268 sents, 861477 tokens, 0.00824% replaced (by <unk>)
[hi] Dictionary: 128112 types
[hi] /home/krish/content/Mann_Ki_Baat/wmt22_spm/dev.spm.hi: 4505 sents, 88512 tokens, 0.0158% replaced (by <unk>)
[hi] Dictionary: 128112 types
[hi] /home/krish/content/Mann_Ki_Baat/wmt22_spm/test.spm.hi: 54 sents, 491 tokens, 0.0% replaced (by <unk>)
[mr] Dictionary: 128112 types
[mr] /home/krish/content/Mann_Ki_Baat/wmt22_spm/train.spm.mr: 39268 sents, 1301591 tokens, 0.00622% replaced (by <unk>)
[mr] Dictionary: 128112 types
[mr] /home/krish/content/Mann_Ki_Baat/wmt22_spm/dev.spm.mr: 4505 sents, 133499 tokens, 0.00824% replaced (by <unk>)
[mr] Dictionary: 128112 types
[mr] /home/krish/content/Mann_Ki_Baat/wmt22_spm/test.spm.mr: 54 sents, 108 tokens, 0.0% replaced (by <unk>)
Wrote preprocessed data to /home/krish/content/Mann_Ki_Baat/wmt22_spm/wmt22_bin
Namespace(no_progress_bar=False, log_interval=100, log_format=None, log_file=None, aim_repo=None, aim_run_hash=None, tensorboard_logdir=None, wandb_project=None, azureml_logging=False, seed=1, cpu=False, tpu=False, bf16=False, memory_efficient_bf16=False, fp16=False, memory_efficient_fp16=False, fp16_no_flatten_grads=False, fp16_init_scale=128, fp16_scale_window=None, fp16_scale_tolerance=0.0, on_cpu_convert_precision=False, min_loss_scale=0.0001, threshold_loss_scale=None, amp=False, amp_batch_retries=2, amp_init_scale=128, amp_scale_window=None, user_dir=None, empty_cache_freq=0, all_gather_list_size=16384, model_parallel_size=1, quantization_config_path=None, profile=False, reset_logging=False, suppress_crashes=False, use_plasma_view=False, plasma_path='/tmp/plasma', criterion='cross_entropy', tokenizer=None, bpe=None, optimizer=None, lr_scheduler='fixed', scoring='bleu', task='translation', source_lang='hi', target_lang='mr', trainpref='/home/krish/content/Mann_Ki_Baat/wmt22_spm/train.spm', validpref='/home/krish/content/Mann_Ki_Baat/wmt22_spm/dev.spm', testpref='/home/krish/content/Mann_Ki_Baat/wmt22_spm/test.spm', align_suffix=None, destdir='/home/krish/content/Mann_Ki_Baat/wmt22_spm/wmt22_bin', thresholdtgt=0, thresholdsrc=0, tgtdict='/home/krish/content/Mann_Ki_Baat/wmt22_spm/model_dict.128k.txt', srcdict='/home/krish/content/Mann_Ki_Baat/wmt22_spm/model_dict.128k.txt', nwordstgt=-1, nwordssrc=-1, alignfile=None, dataset_impl='mmap', joined_dictionary=False, only_source=False, padding_factor=8, workers=1, dict_only=False)
[hi] Dictionary: 128112 types
[hi] /home/krish/content/Mann_Ki_Baat/wmt22_spm/train.spm.hi: 39268 sents, 861477 tokens, 0.00824% replaced (by <unk>)
[hi] Dictionary: 128112 types
[hi] /home/krish/content/Mann_Ki_Baat/wmt22_spm/dev.spm.hi: 4505 sents, 88512 tokens, 0.0158% replaced (by <unk>)
[hi] Dictionary: 128112 types
[hi] /home/krish/content/Mann_Ki_Baat/wmt22_spm/test.spm.hi: 42 sents, 593 tokens, 0.0% replaced (by <unk>)
[mr] Dictionary: 128112 types
[mr] /home/krish/content/Mann_Ki_Baat/wmt22_spm/train.spm.mr: 39268 sents, 1301591 tokens, 0.00622% replaced (by <unk>)
[mr] Dictionary: 128112 types
[mr] /home/krish/content/Mann_Ki_Baat/wmt22_spm/dev.spm.mr: 4505 sents, 133499 tokens, 0.00824% replaced (by <unk>)
[mr] Dictionary: 128112 types
[mr] /home/krish/content/Mann_Ki_Baat/wmt22_spm/test.spm.mr: 42 sents, 84 tokens, 0.0% replaced (by <unk>)
Wrote preprocessed data to /home/krish/content/Mann_Ki_Baat/wmt22_spm/wmt22_bin
Namespace(no_progress_bar=False, log_interval=100, log_format=None, log_file=None, aim_repo=None, aim_run_hash=None, tensorboard_logdir=None, wandb_project=None, azureml_logging=False, seed=1, cpu=False, tpu=False, bf16=False, memory_efficient_bf16=False, fp16=False, memory_efficient_fp16=False, fp16_no_flatten_grads=False, fp16_init_scale=128, fp16_scale_window=None, fp16_scale_tolerance=0.0, on_cpu_convert_precision=False, min_loss_scale=0.0001, threshold_loss_scale=None, amp=False, amp_batch_retries=2, amp_init_scale=128, amp_scale_window=None, user_dir=None, empty_cache_freq=0, all_gather_list_size=16384, model_parallel_size=1, quantization_config_path=None, profile=False, reset_logging=False, suppress_crashes=False, use_plasma_view=False, plasma_path='/tmp/plasma', criterion='cross_entropy', tokenizer=None, bpe=None, optimizer=None, lr_scheduler='fixed', scoring='bleu', task='translation', source_lang='hi', target_lang='mr', trainpref='/home/krish/content/Mann_Ki_Baat/wmt22_spm/train.spm', validpref='/home/krish/content/Mann_Ki_Baat/wmt22_spm/dev.spm', testpref='/home/krish/content/Mann_Ki_Baat/wmt22_spm/test.spm', align_suffix=None, destdir='/home/krish/content/Mann_Ki_Baat/wmt22_spm/wmt22_bin', thresholdtgt=0, thresholdsrc=0, tgtdict='/home/krish/content/Mann_Ki_Baat/wmt22_spm/model_dict.128k.txt', srcdict='/home/krish/content/Mann_Ki_Baat/wmt22_spm/model_dict.128k.txt', nwordstgt=-1, nwordssrc=-1, alignfile=None, dataset_impl='mmap', joined_dictionary=False, only_source=False, padding_factor=8, workers=1, dict_only=False)
[hi] Dictionary: 128112 types
[hi] /home/krish/content/Mann_Ki_Baat/wmt22_spm/train.spm.hi: 39268 sents, 861477 tokens, 0.00824% replaced (by <unk>)
[hi] Dictionary: 128112 types
[hi] /home/krish/content/Mann_Ki_Baat/wmt22_spm/dev.spm.hi: 4505 sents, 88512 tokens, 0.0158% replaced (by <unk>)
[hi] Dictionary: 128112 types
[hi] /home/krish/content/Mann_Ki_Baat/wmt22_spm/test.spm.hi: 81 sents, 699 tokens, 0.0% replaced (by <unk>)
[mr] Dictionary: 128112 types
[mr] /home/krish/content/Mann_Ki_Baat/wmt22_spm/train.spm.mr: 39268 sents, 1301591 tokens, 0.00622% replaced (by <unk>)
[mr] Dictionary: 128112 types
[mr] /home/krish/content/Mann_Ki_Baat/wmt22_spm/dev.spm.mr: 4505 sents, 133499 tokens, 0.00824% replaced (by <unk>)
[mr] Dictionary: 128112 types
[mr] /home/krish/content/Mann_Ki_Baat/wmt22_spm/test.spm.mr: 81 sents, 162 tokens, 0.0% replaced (by <unk>)
Wrote preprocessed data to /home/krish/content/Mann_Ki_Baat/wmt22_spm/wmt22_bin
Namespace(no_progress_bar=False, log_interval=100, log_format=None, log_file=None, aim_repo=None, aim_run_hash=None, tensorboard_logdir=None, wandb_project=None, azureml_logging=False, seed=1, cpu=False, tpu=False, bf16=False, memory_efficient_bf16=False, fp16=False, memory_efficient_fp16=False, fp16_no_flatten_grads=False, fp16_init_scale=128, fp16_scale_window=None, fp16_scale_tolerance=0.0, on_cpu_convert_precision=False, min_loss_scale=0.0001, threshold_loss_scale=None, amp=False, amp_batch_retries=2, amp_init_scale=128, amp_scale_window=None, user_dir=None, empty_cache_freq=0, all_gather_list_size=16384, model_parallel_size=1, quantization_config_path=None, profile=False, reset_logging=False, suppress_crashes=False, use_plasma_view=False, plasma_path='/tmp/plasma', criterion='cross_entropy', tokenizer=None, bpe=None, optimizer=None, lr_scheduler='fixed', scoring='bleu', task='translation', source_lang='hi', target_lang='mr', trainpref='/home/krish/content/Mann_Ki_Baat/wmt22_spm/train.spm', validpref='/home/krish/content/Mann_Ki_Baat/wmt22_spm/dev.spm', testpref='/home/krish/content/Mann_Ki_Baat/wmt22_spm/test.spm', align_suffix=None, destdir='/home/krish/content/Mann_Ki_Baat/wmt22_spm/wmt22_bin', thresholdtgt=0, thresholdsrc=0, tgtdict='/home/krish/content/Mann_Ki_Baat/wmt22_spm/model_dict.128k.txt', srcdict='/home/krish/content/Mann_Ki_Baat/wmt22_spm/model_dict.128k.txt', nwordstgt=-1, nwordssrc=-1, alignfile=None, dataset_impl='mmap', joined_dictionary=False, only_source=False, padding_factor=8, workers=1, dict_only=False)
[hi] Dictionary: 128112 types
[hi] /home/krish/content/Mann_Ki_Baat/wmt22_spm/train.spm.hi: 39268 sents, 861477 tokens, 0.00824% replaced (by <unk>)
[hi] Dictionary: 128112 types
[hi] /home/krish/content/Mann_Ki_Baat/wmt22_spm/dev.spm.hi: 4505 sents, 88512 tokens, 0.0158% replaced (by <unk>)
[hi] Dictionary: 128112 types
[hi] /home/krish/content/Mann_Ki_Baat/wmt22_spm/test.spm.hi: 37 sents, 319 tokens, 0.0% replaced (by <unk>)
[mr] Dictionary: 128112 types
[mr] /home/krish/content/Mann_Ki_Baat/wmt22_spm/train.spm.mr: 39268 sents, 1301591 tokens, 0.00622% replaced (by <unk>)
[mr] Dictionary: 128112 types
[mr] /home/krish/content/Mann_Ki_Baat/wmt22_spm/dev.spm.mr: 4505 sents, 133499 tokens, 0.00824% replaced (by <unk>)
[mr] Dictionary: 128112 types
[mr] /home/krish/content/Mann_Ki_Baat/wmt22_spm/test.spm.mr: 37 sents, 74 tokens, 0.0% replaced (by <unk>)
Wrote preprocessed data to /home/krish/content/Mann_Ki_Baat/wmt22_spm/wmt22_bin
